2024-02-26 15:06:13,304||||||
2024-02-26 15:06:13,306||||||
2024-02-26 15:06:13,353|393a11e3-5453-405b-9df8-cf673a94da6c|200|SUCCESS|jenis_hewan|0001|Kelelawar|4
2024-02-26 15:50:24,469||||||
2024-02-26 15:50:24,470||||||
2024-02-26 15:50:24,517|8852d950-5b79-4a3a-83df-0ecbf95a99d6|200|SUCCESS|jenis_hewan|0001|Kelelawar|4
2024-02-26 15:50:31,312||||||
2024-02-26 15:50:31,312||||||
2024-02-26 15:50:31,368||||||
2024-02-26 15:50:40,029||||||
2024-02-26 15:50:40,029||||||
2024-02-26 15:50:40,045|f162eab7-6586-40db-8d7d-5430f6d66be1|200|SUCCESS|jenis_hewan|0001|Kelelawar|4
2024-02-26 15:50:49,943||||||
2024-02-26 15:50:49,943||||||
2024-02-26 15:50:49,963|0e4e6e43-4193-40c6-aeb0-054ee4925024|200|SUCCESS|jenis_hewan|0001|Kelelawar|4
2024-02-26 15:50:59,413||||||
2024-02-26 15:50:59,413||||||
2024-02-26 15:50:59,419|04d1db46-802f-40fa-807f-6a451f728816|||jenis_hewan|0001|Kuda|9
2024-02-26 15:50:59,435|0e4e6e43-4193-40c6-aeb0-054ee4925024|||jenis_hewan|0001|Kelelawar|4
2024-02-26 15:50:59,438|11ddaf7d-7da9-4d89-b254-1410773f2c7b|||jenis_hewan|0001|Kelelawar|4
2024-02-26 15:50:59,440|15191b8c-7c83-403f-b9a9-60db83400b41|||jenis_hewan|0001|Kelelawar|4
2024-02-26 15:50:59,442|1e3851e2-1926-4a1f-8a03-84c224be87db|||jenis_hewan|0001|Kelelawar|4
2024-02-26 15:50:59,444|1e75ba5f-0904-4e57-a786-0f2ec5d30606|||jenis_hewan|0001|Kucing|30
2024-02-26 15:50:59,447|22e7ce72-8101-4d7a-9f79-cf1205a87f9f|||jenis_hewan|0001|Kucing|30
2024-02-26 15:50:59,449|24e2267f-a69b-4bb8-881d-1d12bbf7b6d6|||jenis_hewan|0001|Kambing|9
2024-02-26 15:50:59,451|2a33238a-c5e3-418c-a4b5-f20afe473135|||jenis_hewan|0001|Kambing|9
2024-02-26 15:50:59,453|358f6944-6923-4005-aa7c-809db9f2b474|||jenis_hewan|0001|Kucing|30
2024-02-26 15:50:59,454|393a11e3-5453-405b-9df8-cf673a94da6c|||jenis_hewan|0001|Kelelawar|4
2024-02-26 15:50:59,456|423c8370-84b6-4c81-a4e3-d5d21f4465ff|||jenis_hewan|0001|Kelelawar|4
2024-02-26 15:50:59,458|42697872-5dfb-4d2e-9aad-de0c38e50523|||jenis_hewan|0001|Kambing|9
2024-02-26 15:50:59,459|439e5fca-ef0c-4b39-8392-a439ff2a94bd|||jenis_hewan|0001|Kambing|9
2024-02-26 15:50:59,461|46a45bb1-e9dd-4594-a94c-74b2e8d998e5|||jenis_hewan|0001|Kambing|9
2024-02-26 15:50:59,463|48727568-53b2-4ed1-87bb-59b1b2ee5e5f|||jenis_hewan|0001|Kambing|9
2024-02-26 15:50:59,465|4b0f1ff8-de62-453f-ad6a-b5e9c14d7b67|||jenis_hewan|0001|Kucing|30
2024-02-26 15:50:59,466|4c19812e-29a1-4aec-95a8-17d7351ddcd2|||jenis_hewan|0001|Kambing|9
2024-02-26 15:50:59,468|4f5650cd-2c05-4d1e-8db5-fd12f272ecc6|||jenis_hewan|0001|Kucing|30
2024-02-26 15:50:59,469|51fa2e7b-d86f-4166-9edd-64a7b2a82713|||jenis_hewan|0001|Kucing|30
2024-02-26 15:50:59,471|555daebb-d9f5-4f80-b165-ec66f448a547|||jenis_hewan|0001|Kambing|9
2024-02-26 15:50:59,472|60b982c1-0116-4197-b765-55e9668fd87d|||jenis_hewan|0001|Kambing|9
2024-02-26 15:50:59,474|61c4f672-1b2a-46f2-abbe-caf8bc63d005|||jenis_hewan|0001|Kucing|30
2024-02-26 15:50:59,475|66847a00-b424-4fd2-b561-e113b399f8dd|||jenis_hewan|0001|Kambing|9
2024-02-26 15:50:59,476|67393138-e348-414b-827b-a59c5ac80135|||jenis_hewan|0001|Kucing|30
2024-02-26 15:50:59,478|6e417e88-f5fd-4a4c-853d-73b916a6a457|||jenis_hewan|0001|Kucing|30
2024-02-26 15:50:59,479|6f048d19-f8de-4f0f-b655-c15339f31140|||jenis_hewan|0001|Kelelawar|4
2024-02-26 15:50:59,481|6f3982fb-d6ad-4725-97a5-54fa20ea60e9|||jenis_hewan|0001|Kucing|30
2024-02-26 15:50:59,483|75023e90-9f69-482d-be68-2641527d041c|||jenis_hewan|0001|Kambing|9
2024-02-26 15:50:59,484|7bf74540-276f-4a15-938f-6b239cb73d39|||jenis_hewan|0001|Kucing|30
2024-02-26 15:50:59,485|7c8d6d17-b7a4-484e-884f-13270f2f580c|||jenis_hewan|0001|Kambing|9
2024-02-26 15:50:59,487|84136484-22db-47fe-8563-d55fe1f69b79|||jenis_hewan|0001|Kelelawar|4
2024-02-26 15:50:59,488|8514321b-b120-447f-9bb9-12212814c847|||jenis_hewan|0001|Kelelawar|4
2024-02-26 15:50:59,490|8588a224-f72f-4b77-8c43-0e07716bd8c2|||jenis_hewan|0001|Kelelawar|4
2024-02-26 15:50:59,492|8665ab9e-3b84-4ae9-9002-96f5c141fa4c|||jenis_hewan|0001|Kelelawar|4
2024-02-26 15:50:59,493|87a92db2-f032-4bf3-b511-e1e6008a7421|||jenis_hewan|0001|Kelelawar|4
2024-02-26 15:50:59,496|8852d950-5b79-4a3a-83df-0ecbf95a99d6|||jenis_hewan|0001|Kelelawar|4
2024-02-26 15:50:59,497|899bb90d-731b-4915-a2cb-3ec91aaae287|||jenis_hewan|0001|Kelelawar|4
2024-02-26 15:50:59,499|8b64dafa-0d7c-4626-bbca-5656399f1486|||jenis_hewan|0001|Kambing|9
2024-02-26 15:50:59,500|93d411e7-b850-486a-ba77-f7b138baa577|||jenis_hewan|0001|Kambing|9
2024-02-26 15:50:59,501|94f19ed5-baa5-4642-8428-4a788a07bbd1|||jenis_hewan|0001|Kucing|30
2024-02-26 15:50:59,503|978ca2ba-97b3-4b20-ab9e-82d04c8b509f|||jenis_hewan|0001|Kucing|30
2024-02-26 15:50:59,505|9c2b1629-2ec5-4b0c-b1e9-0c63473d0318|||jenis_hewan|0001|Kucing|30
2024-02-26 15:50:59,506|9ea4cfee-ff2a-4a20-b9ab-52400ebb882c|||jenis_hewan|0001|Kelelawar|4
2024-02-26 15:50:59,508|a3eedcfc-8a85-47bc-a98e-877535ce821c|||jenis_hewan|0001|Kambing|9
2024-02-26 15:50:59,509|ad6eaca7-4910-470c-9183-64eec081841e|||jenis_hewan|0001|Kucing|30
2024-02-26 15:50:59,511|b1dc721d-e806-4703-87c5-7e3e00d02df8|||jenis_hewan|0001|Kelelawar|4
2024-02-26 15:50:59,513|b48bc8b1-b7e7-4535-9695-06a826b73cf5|||jenis_hewan|0001|Kucing|30
2024-02-26 15:50:59,514|bb0c97b8-a2af-447b-b967-9cf46d33f700|||jenis_hewan|0001|Kambing|9
2024-02-26 15:50:59,516|bbbc7bdf-ab13-4984-9e4a-b5e08b6f6e13|||jenis_hewan|0001|Kambing|9
2024-02-26 15:50:59,517|d3d3136f-2218-49cb-9ce2-9a323e57c2db|||jenis_hewan|0001|Kelelawar|4
2024-02-26 15:50:59,519|db66cfc1-5afe-4ee9-a6b9-f548580f649b|||jenis_hewan|0001|Kucing|30
2024-02-26 15:50:59,520|dcdd8642-1a0c-4684-b2e7-4fe9603fc1d0|||jenis_hewan|0001|Kucing|30
2024-02-26 15:50:59,521|e2e20ddb-fe89-4a07-992a-2b44db6fba7d|||jenis_hewan|0001|Kelelawar|4
2024-02-26 15:50:59,523|e5a6d765-3fdf-4ab2-a26e-cd260c8ee521|||jenis_hewan|0001|Kucing|30
2024-02-26 15:50:59,524|e9ec5366-e4f0-40df-a177-09922fab2c0a|||jenis_hewan|0001|Kambing|9
2024-02-26 15:50:59,526|f162eab7-6586-40db-8d7d-5430f6d66be1|||jenis_hewan|0001|Kelelawar|4
2024-02-26 15:51:08,798||||||
2024-02-26 15:51:08,798||||||
2024-02-26 15:51:08,801||||||
2024-02-26 15:51:56,371||||||
2024-02-26 15:51:56,371||||||
2024-02-26 15:51:56,390|f5f36e9d-fc76-4c07-afd1-10a40432c63c|200|SUCCESS|jenis_hewan|0001|Kelelawar|4
2024-02-26 15:51:59,724||||||
2024-02-26 15:51:59,725||||||
2024-02-26 15:51:59,727|f5f36e9d-fc76-4c07-afd1-10a40432c63c|200|SUCCESS|jenis_hewan|0001|Kelelawar|4
2024-02-26 15:52:53,515||||||
2024-02-26 15:52:53,515||||||
2024-02-26 15:52:53,532|f5f36e9d-fc76-4c07-afd1-10a40432c63c|200|SUCCESS|jenis_hewan|0001|Monyet|4
